<?xml version="1.0" encoding="UTF-8"?>
<!-- Generated by org.testng.reporters.JUnitReportReporter -->
<testsuite skipped="0" hostname="DESKTOP-K8NGD89" name="com.skopic.alpha.testdata.SignInTest" tests="2" failures="0" timestamp="30 Jul 2019 07:09:43 GMT" time="49.386" errors="0">
  <testcase name="verifyLoginPageTitleTest" time="17.342" classname="com.skopic.alpha.testdata.SignInTest"/>
  <testcase name="loginTest" time="32.044" classname="com.skopic.alpha.testdata.SignInTest"/>
</testsuite> <!-- com.skopic.alpha.testdata.SignInTest -->
